/usr/local/lib/python3.12/dist-packages/jax/_src/cloud_tpu_init.py:86: UserWarning: Transparent hugepages are not enabled. TPU runtime startup and shutdown time should be significantly improved on TPU v5e and newer. If not already set, you may need to enable transparent hugepages in your VM image (sudo sh -c "echo always > /sys/kernel/mm/transparent_hugepage/enabled")
  warnings.warn(
device: TPU_0(process=0,(0,0,0,0))
eager out shape: (128, 32) sum: 28497218.0
jit out shape: (128, 32) sum: 28497218.0
--- compiled HLO (first 20 lines) ---
HloModule jit_f, is_scheduled=true, entry_computation_layout={(f32[128,64]{0,1:T(8,128)}, f32[64,32]{0,1:T(8,128)})->f32[128,32]{0,1:T(8,128)}}, allow_spmd_sharding_propagation_to_parameters={true,true}, allow_spmd_sharding_propagation_to_output={true}

%region_0.9 (Arg_0.6: f32[], Arg_1.7: f32[]) -> f32[] {
  %Arg_1.7 = f32[]{:T(128)} parameter(1), metadata={op_name="reduce_sum"}
  %Arg_0.6 = f32[]{:T(128)} parameter(0), metadata={op_name="reduce_sum"}
  ROOT %add.8 = f32[]{:T(128)} add(%Arg_0.6, %Arg_1.7), metadata={op_name="jit(f)/reduce_sum" source_file="/tmp/ipykernel_2153/3609045189.py" source_line=16 source_end_line=16 source_column=27 source_end_column=43}
}

%fused_computation (param_0.5: f32[128,64]) -> f32[] {
  %param_0.5 = f32[128,64]{0,1:T(8,128)} parameter(0)
  %sine.0 = f32[128,64]{0,1:T(8,128)} sine(%param_0.5), metadata={op_name="jit(f)/sin" source_file="/tmp/ipykernel_2153/3609045189.py" source_line=16 source_end_line=16 source_column=27 source_end_column=43}
  %constant.0 = f32[]{:T(128)} constant(0)
  ROOT %reduce.0 = f32[]{:T(128)} reduce(%sine.0, %constant.0), dimensions={0,1}, to_apply=%region_0.9, metadata={op_name="jit(f)/reduce_sum" source_file="/tmp/ipykernel_2153/3609045189.py" source_line=16 source_end_line=16 source_column=27 source_end_column=43}
}

%bitcast_fusion (bitcast_input: f32[128,64]) -> f32[128,64] {
  %bitcast_input = f32[128,64]{0,1:T(8,128)S(1)} parameter(0)
  ROOT %bitcast = f32[128,64]{0,1:T(8,128)} bitcast(%bitcast_input)
}

